0 verbose cli /home/ubuntu/.nvm/versions/node/v16.19.0/bin/node /home/ubuntu/.nvm/versions/node/v16.19.0/bin/npm
1 info using npm@8.19.3
2 info using node@v16.19.0
3 timing npm:load:whichnode Completed in 0ms
4 timing config:load:defaults Completed in 2ms
5 timing config:load:file:/home/ubuntu/.nvm/versions/node/v16.19.0/lib/node_modules/npm/npmrc Completed in 1ms
6 timing config:load:builtin Completed in 1ms
7 timing config:load:cli Completed in 2ms
8 timing config:load:env Completed in 1ms
9 timing config:load:file:/home/ubuntu/e-contract-main/.npmrc Completed in 1ms
10 timing config:load:project Completed in 22ms
11 timing config:load:file:/home/ubuntu/.npmrc Completed in 0ms
12 timing config:load:user Completed in 0ms
13 timing config:load:file:/home/ubuntu/.nvm/versions/node/v16.19.0/etc/npmrc Completed in 0ms
14 timing config:load:global Completed in 0ms
15 timing config:load:validate Completed in 0ms
16 timing config:load:credentials Completed in 1ms
17 timing config:load:setEnvs Completed in 1ms
18 timing config:load Completed in 31ms
19 timing npm:load:configload Completed in 31ms
20 timing npm:load:mkdirpcache Completed in 2ms
21 timing npm:load:mkdirplogs Completed in 0ms
22 verbose title npm init
23 verbose argv "init" "--yes"
24 timing npm:load:setTitle Completed in 1ms
25 timing config:load:flatten Completed in 3ms
26 timing npm:load:display Completed in 5ms
27 verbose logfile logs-max:10 dir:/home/ubuntu/.npm/_logs
28 verbose logfile /home/ubuntu/.npm/_logs/2024-06-06T13_50_43_386Z-debug-0.log
29 timing npm:load:logFile Completed in 6ms
30 timing npm:load:timers Completed in 0ms
31 timing npm:load:configScope Completed in 0ms
32 timing npm:load Completed in 47ms
33 silly logfile start cleaning logs, removing 1 files
34 silly logfile done cleaning log files
35 silly package data {
35 silly package data   dependencies: { axios: '^1.7.2' },
35 silly package data   name: 'e-contract-main',
35 silly package data   description: '',
35 silly package data   version: '1.0.0',
35 silly package data   main: 'index.js',
35 silly package data   devDependencies: {},
35 silly package data   scripts: { test: 'echo "Error: no test specified" && exit 1' },
35 silly package data   keywords: [],
35 silly package data   author: '',
35 silly package data   license: 'ISC',
35 silly package data   [Symbol(newline)]: '\n',
35 silly package data   [Symbol(indent)]: '  '
35 silly package data }
36 info init written successfully
37 timing command:init Completed in 37ms
38 verbose exit 0
39 timing npm Completed in 234ms
40 info ok
