0 verbose cli /home/ubuntu/.nvm/versions/node/v16.19.0/bin/node /home/ubuntu/.nvm/versions/node/v16.19.0/bin/npm
1 info using npm@8.19.3
2 info using node@v16.19.0
3 timing npm:load:whichnode Completed in 0ms
4 timing config:load:defaults Completed in 2ms
5 timing config:load:file:/home/ubuntu/.nvm/versions/node/v16.19.0/lib/node_modules/npm/npmrc Completed in 1ms
6 timing config:load:builtin Completed in 1ms
7 timing config:load:cli Completed in 3ms
8 timing config:load:env Completed in 0ms
9 timing config:load:file:/home/ubuntu/.cache/typescript/5.4/.npmrc Completed in 0ms
10 timing config:load:project Completed in 26ms
11 timing config:load:file:/home/ubuntu/.npmrc Completed in 0ms
12 timing config:load:user Completed in 0ms
13 timing config:load:file:/home/ubuntu/.nvm/versions/node/v16.19.0/etc/npmrc Completed in 0ms
14 timing config:load:global Completed in 1ms
15 timing config:load:validate Completed in 0ms
16 timing config:load:credentials Completed in 1ms
17 timing config:load:setEnvs Completed in 1ms
18 timing config:load Completed in 36ms
19 timing npm:load:configload Completed in 36ms
20 timing npm:load:mkdirpcache Completed in 2ms
21 timing npm:load:mkdirplogs Completed in 0ms
22 verbose title npm install types-registry@latest
23 verbose argv "install" "--ignore-scripts" "types-registry@latest"
24 timing npm:load:setTitle Completed in 1ms
25 timing config:load:flatten Completed in 3ms
26 timing npm:load:display Completed in 4ms
27 verbose logfile logs-max:10 dir:/home/ubuntu/.npm/_logs
28 verbose logfile /home/ubuntu/.npm/_logs/2024-06-11T08_25_13_434Z-debug-0.log
29 timing npm:load:logFile Completed in 9ms
30 timing npm:load:timers Completed in 0ms
31 timing npm:load:configScope Completed in 0ms
32 timing npm:load Completed in 54ms
33 timing arborist:ctor Completed in 1ms
34 silly logfile start cleaning logs, removing 1 files
35 silly logfile done cleaning log files
36 timing idealTree:init Completed in 158ms
37 timing arborist:ctor Completed in 0ms
38 http fetch GET 200 https://registry.npmjs.org/types-registry 202ms (cache revalidated)
39 timing idealTree:userRequests Completed in 219ms
40 silly idealTree buildDeps
41 silly fetch manifest types-registry@0.1.685
42 silly placeDep ROOT types-registry@0.1.685 REPLACE for:  want: 0.1.685
43 timing idealTree:#root Completed in 7ms
44 timing idealTree:node_modules/types-registry Completed in 0ms
45 timing idealTree:buildDeps Completed in 9ms
46 timing idealTree:fixDepFlags Completed in 1ms
47 timing idealTree Completed in 394ms
48 timing reify:loadTrees Completed in 395ms
49 timing reify:diffTrees Completed in 4ms
50 silly reify moves {}
51 timing reify:retireShallow Completed in 1ms
52 timing reify:createSparse Completed in 2ms
53 timing reify:loadBundles Completed in 0ms
54 silly audit bulk request {
54 silly audit   '@babel/code-frame': [ '7.24.7' ],
54 silly audit   '@babel/helper-validator-identifier': [ '7.24.7' ],
54 silly audit   '@babel/highlight': [ '7.24.7' ],
54 silly audit   'ansi-styles': [ '3.2.1', '4.3.0', '5.2.0' ],
54 silly audit   chalk: [ '2.4.2', '4.1.2' ],
54 silly audit   'color-convert': [ '1.9.3', '2.0.1' ],
54 silly audit   'color-name': [ '1.1.3', '1.1.4' ],
54 silly audit   'escape-string-regexp': [ '1.0.5', '2.0.0' ],
54 silly audit   'has-flag': [ '3.0.0', '4.0.0' ],
54 silly audit   'supports-color': [ '5.5.0', '7.2.0' ],
54 silly audit   '@jest/expect-utils': [ '29.7.0' ],
54 silly audit   '@jest/schemas': [ '29.6.3' ],
54 silly audit   '@jest/types': [ '29.6.3' ],
54 silly audit   '@sinclair/typebox': [ '0.27.8' ],
54 silly audit   '@types/bcryptjs': [ '2.4.6' ],
54 silly audit   '@types/body-parser': [ '1.19.5' ],
54 silly audit   '@types/chai': [ '4.3.16' ],
54 silly audit   '@types/chai-as-promised': [ '7.1.8' ],
54 silly audit   '@types/chai-things': [ '0.0.38' ],
54 silly audit   '@types/compression': [ '1.7.5' ],
54 silly audit   '@types/connect': [ '3.4.38' ],
54 silly audit   '@types/cookiejar': [ '2.1.5' ],
54 silly audit   '@types/cors': [ '2.8.17' ],
54 silly audit   '@types/eslint': [ '8.56.10' ],
54 silly audit   '@types/eslint-config-prettier': [ '6.11.3' ],
54 silly audit   '@types/eslint-plugin-prettier': [ '3.1.3' ],
54 silly audit   '@types/eslint-plugin-security': [ '3.0.0' ],
54 silly audit   '@types/estree': [ '1.0.5' ],
54 silly audit   '@types/expect': [ '1.20.4' ],
54 silly audit   '@types/express': [ '4.17.21' ],
54 silly audit   '@types/express-serve-static-core': [ '4.19.3' ],
54 silly audit   '@types/get-params': [ '0.1.2' ],
54 silly audit   '@types/glob-stream': [ '8.0.2' ],
54 silly audit   '@types/gulp': [ '4.0.17' ],
54 silly audit   '@types/gulp-debug': [ '2.0.36' ],
54 silly audit   '@types/http-errors': [ '2.0.4' ],
54 silly audit   '@types/istanbul-lib-coverage': [ '2.0.6' ],
54 silly audit   '@types/istanbul-lib-report': [ '3.0.3' ],
54 silly audit   '@types/istanbul-reports': [ '3.0.4' ],
54 silly audit   '@types/jest': [ '29.5.12' ],
54 silly audit   '@types/json-schema': [ '7.0.15' ],
54 silly audit   '@types/jsonwebtoken': [ '9.0.6' ],
54 silly audit   '@types/lint-staged': [ '13.3.0' ],
54 silly audit   '@types/methods': [ '1.1.4' ],
54 silly audit   '@types/mime': [ '1.3.5' ],
54 silly audit   '@types/mocha': [ '10.0.6' ],
54 silly audit   '@types/morgan': [ '1.9.9' ],
54 silly audit   '@types/multer': [ '1.4.11' ],
54 silly audit   '@types/node': [ '20.14.1' ],
54 silly audit   '@types/nodemailer': [ '6.4.15' ],
54 silly audit   '@types/nodemon': [ '1.19.6' ],
54 silly audit   '@types/passport': [ '1.0.16' ],
54 silly audit   '@types/passport-jwt': [ '4.0.1' ],
54 silly audit   '@types/passport-strategy': [ '0.2.38' ],
54 silly audit   '@types/picomatch': [ '2.3.3' ],
54 silly audit   '@types/qs': [ '6.9.15' ],
54 silly audit   '@types/range-parser': [ '1.2.7' ],
54 silly audit   '@types/rewire': [ '2.5.30' ],
54 silly audit   '@types/send': [ '0.17.4' ],
54 silly audit   '@types/serve-static': [ '1.15.7' ],
54 silly audit   '@types/sinon': [ '17.0.3' ],
54 silly audit   '@types/sinon-chai': [ '3.2.12' ],
54 silly audit   '@types/sinonjs__fake-timers': [ '8.1.5' ],
54 silly audit   '@types/stack-utils': [ '2.0.3' ],
54 silly audit   '@types/streamx': [ '2.9.5' ],
54 silly audit   '@types/superagent': [ '8.1.7' ],
54 silly audit   '@types/supertest': [ '6.0.2' ],
54 silly audit   '@types/swagger-jsdoc': [ '6.0.4' ],
54 silly audit   '@types/swagger-ui-express': [ '4.1.6' ],
54 silly audit   '@types/undertaker': [ '1.2.11' ],
54 silly audit   '@types/undertaker-registry': [ '1.0.4' ],
54 silly audit   '@types/uuid': [ '9.0.8' ],
54 silly audit   '@types/validator': [ '13.11.10' ],
54 silly audit   '@types/vinyl': [ '2.0.12' ],
54 silly audit   '@types/vinyl-fs': [ '3.0.5' ],
54 silly audit   '@types/yargs': [ '17.0.32' ],
54 silly audit   '@types/yargs-parser': [ '21.0.3' ],
54 silly audit   anymatch: [ '3.1.3' ],
54 silly audit   'async-done': [ '1.3.2' ],
54 silly audit   'binary-extensions': [ '2.3.0' ],
54 silly audit   braces: [ '3.0.3' ],
54 silly audit   chokidar: [ '3.6.0' ],
54 silly audit   'ci-info': [ '3.9.0' ],
54 silly audit   'diff-sequences': [ '29.6.3' ],
54 silly audit   'end-of-stream': [ '1.4.4' ],
54 silly audit   expect: [ '29.7.0' ],
54 silly audit   'fill-range': [ '7.1.1' ],
54 silly audit   fsevents: [ '2.3.3' ],
54 silly audit   'glob-parent': [ '5.1.2' ],
54 silly audit   'graceful-fs': [ '4.2.11' ],
54 silly audit   'is-binary-path': [ '2.1.0' ],
54 silly audit   'is-extglob': [ '2.1.1' ],
54 silly audit   'is-glob': [ '4.0.3' ],
54 silly audit   'is-number': [ '7.0.0' ],
54 silly audit   'jest-diff': [ '29.7.0' ],
54 silly audit   'jest-get-type': [ '29.6.3' ],
54 silly audit   'jest-matcher-utils': [ '29.7.0' ],
54 silly audit   'jest-message-util': [ '29.7.0' ],
54 silly audit   'jest-util': [ '29.7.0' ],
54 silly audit   'js-tokens': [ '4.0.0' ],
54 silly audit   micromatch: [ '4.0.7' ],
54 silly audit   'normalize-path': [ '3.0.0' ],
54 silly audit   once: [ '1.4.0' ],
54 silly audit   picocolors: [ '1.0.1' ],
54 silly audit   picomatch: [ '2.3.1' ],
54 silly audit   'pretty-format': [ '29.7.0' ],
54 silly audit   'process-nextick-args': [ '2.0.1' ],
54 silly audit   'react-is': [ '18.3.1' ],
54 silly audit   readdirp: [ '3.6.0' ],
54 silly audit   slash: [ '3.0.0' ],
54 silly audit   'stack-utils': [ '2.0.6' ],
54 silly audit   'stream-exhaust': [ '1.0.2' ],
54 silly audit   'to-regex-range': [ '5.0.1' ],
54 silly audit   'undici-types': [ '5.26.5' ],
54 silly audit   wrappy: [ '1.0.2' ],
54 silly audit   'types-registry': [ '0.1.685' ]
54 silly audit }
55 verbose reify failed optional dependency /home/ubuntu/.cache/typescript/5.4/node_modules/fsevents
56 silly reify mark deleted [ '/home/ubuntu/.cache/typescript/5.4/node_modules/fsevents' ]
57 timing reifyNode:node_modules/fsevents Completed in 4ms
58 timing reify:unpack Completed in 4ms
59 timing reify:unretire Completed in 0ms
60 timing build:queue Completed in 1ms
61 timing build:deps Completed in 1ms
62 timing build Completed in 2ms
63 timing reify:build Completed in 3ms
64 timing reify:trash Completed in 1ms
65 timing reify:save Completed in 58ms
66 http fetch POST 200 https://registry.npmjs.org/-/npm/v1/security/advisories/bulk 114ms
67 timing auditReport:getReport Completed in 118ms
68 silly audit report {}
69 timing auditReport:init Completed in 0ms
70 timing reify:audit Completed in 119ms
71 timing reify Completed in 530ms
72 silly ADD
73 timing command:install Completed in 539ms
74 verbose exit 0
75 timing npm Completed in 712ms
76 info ok
