2024-06-19 22:08:09.384 [info] Log level: Info
2024-06-19 22:08:09.384 [info] Validating found git in: "git"
2024-06-19 22:08:09.384 [info] Using git "2.40.1" from "git"
2024-06-19 22:08:09.384 [info] > git rev-parse --show-toplevel [7ms]
2024-06-19 22:08:09.384 [info] fatal: not a git repository (or any of the parent directories): .git
2024-06-19 22:08:09.384 [info] > git rev-parse --show-toplevel [5ms]
2024-06-19 22:08:09.384 [info] fatal: not a git repository (or any of the parent directories): .git
2024-06-19 22:08:09.384 [info] > git rev-parse --show-toplevel [4ms]
2024-06-19 22:08:09.384 [info] fatal: not a git repository (or any of the parent directories): .git
2024-06-19 22:08:09.384 [info] > git rev-parse --show-toplevel [3ms]
2024-06-19 22:08:09.384 [info] fatal: not a git repository (or any of the parent directories): .git
2024-06-19 22:08:09.384 [info] > git rev-parse --show-toplevel [3ms]
2024-06-19 22:08:09.384 [info] fatal: not a git repository (or any of the parent directories): .git
2024-06-19 22:08:09.384 [info] > git rev-parse --show-toplevel [4ms]
2024-06-19 22:08:09.384 [info] fatal: not a git repository (or any of the parent directories): .git
2024-06-19 22:08:09.384 [info] > git rev-parse --show-toplevel [5ms]
2024-06-19 22:08:09.384 [info] fatal: not a git repository (or any of the parent directories): .git
2024-06-19 22:08:09.384 [info] > git rev-parse --show-toplevel [5ms]
2024-06-19 22:08:09.384 [info] fatal: not a git repository (or any of the parent directories): .git
2024-06-19 22:08:09.384 [info] > git rev-parse --show-toplevel [3ms]
2024-06-19 22:08:09.384 [info] fatal: not a git repository (or any of the parent directories): .git
2024-06-19 22:08:19.548 [info] > git rev-parse --show-toplevel [3ms]
2024-06-19 22:08:19.548 [info] fatal: not a git repository (or any of the parent directories): .git
2024-06-19 22:08:21.775 [info] > git rev-parse --show-toplevel [7ms]
2024-06-19 22:08:21.775 [info] fatal: not a git repository (or any of the parent directories): .git
2024-06-19 22:08:27.839 [info] > git rev-parse --show-toplevel [4ms]
2024-06-19 22:08:27.839 [info] fatal: not a git repository (or any of the parent directories): .git
2024-06-19 22:08:33.152 [info] > git rev-parse --show-toplevel [4ms]
2024-06-19 22:08:33.152 [info] fatal: not a git repository (or any of the parent directories): .git
2024-06-19 22:08:38.343 [info] > git rev-parse --show-toplevel [6ms]
2024-06-19 22:08:38.344 [info] fatal: not a git repository (or any of the parent directories): .git
2024-06-19 22:08:39.592 [info] > git rev-parse --show-toplevel [3ms]
2024-06-19 22:08:39.592 [info] fatal: not a git repository (or any of the parent directories): .git
2024-06-19 22:08:44.527 [info] > git rev-parse --show-toplevel [7ms]
2024-06-19 22:08:44.527 [info] fatal: not a git repository (or any of the parent directories): .git
2024-06-19 22:08:54.796 [info] > git rev-parse --show-toplevel [2ms]
2024-06-19 22:08:54.796 [info] fatal: not a git repository (or any of the parent directories): .git
2024-06-19 22:09:02.127 [info] > git rev-parse --show-toplevel [2ms]
2024-06-19 22:09:02.127 [info] fatal: not a git repository (or any of the parent directories): .git
2024-06-19 22:09:13.357 [info] > git rev-parse --show-toplevel [4ms]
2024-06-19 22:09:13.357 [info] fatal: not a git repository (or any of the parent directories): .git
2024-06-19 22:15:49.083 [info] > git rev-parse --show-toplevel [3ms]
2024-06-19 22:15:49.083 [info] fatal: not a git repository (or any of the parent directories): .git
2024-06-19 22:16:17.001 [info] > git rev-parse --show-toplevel [1ms]
2024-06-19 22:16:17.002 [info] fatal: not a git repository (or any of the parent directories): .git
