2024-08-11 11:40:43.068 [info] [main] Log level: Info
2024-08-11 11:40:43.068 [info] [main] Validating found git in: "git"
2024-08-11 11:40:43.068 [info] [main] Using git "2.40.1" from "git"
2024-08-11 11:40:43.068 [info] [Model][doInitialScan] Initial repository scan started
2024-08-11 11:40:43.068 [info] > git rev-parse --show-toplevel [14ms]
2024-08-11 11:40:43.068 [info] fatal: not a git repository (or any of the parent directories): .git
2024-08-11 11:40:43.068 [info] > git rev-parse --show-toplevel [2ms]
2024-08-11 11:40:43.068 [info] fatal: not a git repository (or any of the parent directories): .git
2024-08-11 11:40:43.068 [info] > git rev-parse --show-toplevel [2ms]
2024-08-11 11:40:43.068 [info] fatal: not a git repository (or any of the parent directories): .git
2024-08-11 11:40:43.068 [info] > git rev-parse --show-toplevel [6ms]
2024-08-11 11:40:43.069 [info] > git rev-parse --git-dir --git-common-dir [2ms]
2024-08-11 11:40:43.069 [info] [Model][openRepository] Opened repository: /home/ubuntu/.nvm
2024-08-11 11:40:43.069 [info] > git config --get commit.template [5ms]
2024-08-11 11:40:43.069 [info] > git rev-parse --show-toplevel [8ms]
2024-08-11 11:40:43.069 [info] fatal: not a git repository (or any of the parent directories): .git
2024-08-11 11:40:43.069 [info] > git rev-parse --show-toplevel [3ms]
2024-08-11 11:40:43.069 [info] fatal: not a git repository (or any of the parent directories): .git
2024-08-11 11:40:43.069 [info] > git rev-parse --show-toplevel [4ms]
2024-08-11 11:40:43.069 [info] fatal: not a git repository (or any of the parent directories): .git
2024-08-11 11:40:43.069 [info] > git for-each-ref --format %(refname) %(objectname) %(*objectname) refs/tags [24ms]
2024-08-11 11:40:43.069 [info] > git rev-parse --show-toplevel [13ms]
2024-08-11 11:40:43.069 [info] > git rev-parse --git-dir --git-common-dir [23ms]
2024-08-11 11:40:43.069 [info] [Model][openRepository] Opened repository: /home/ubuntu/fabric-samples
2024-08-11 11:40:43.069 [info] [Model][doInitialScan] Initial repository scan completed - repositories (2), closed repositories (0), parent repositories (0), unsafe repositories (0)
2024-08-11 11:40:43.069 [info] > git config --get commit.template [3ms]
2024-08-11 11:40:43.089 [info] > git for-each-ref --format=%(refname)%00%(upstream:short)%00%(objectname)%00%(upstream:track)%00%(upstream:remotename)%00%(upstream:remoteref) refs/heads/main refs/remotes/main [24ms]
2024-08-11 11:40:43.093 [warning] [Git][revParse] Unable to read file: ENOENT: no such file or directory, open '/home/ubuntu/fabric-samples/.git/refs/remotes/origin/main'
2024-08-11 11:40:43.096 [info] > git rev-parse refs/remotes/origin/main [2ms]
2024-08-11 11:40:43.236 [info] > git status -z -uall [259ms]
2024-08-11 11:40:43.265 [info] > git config --get commit.template [11ms]
2024-08-11 11:40:43.266 [info] > git for-each-ref --format %(refname) %(objectname) %(*objectname) refs/tags [2ms]
2024-08-11 11:40:43.291 [info] > git status -z -uall [22ms]
2024-08-11 11:40:43.743 [info] > git check-ignore -v -z --stdin [10ms]
2024-08-11 11:40:43.744 [info] > git check-ignore -v -z --stdin [4ms]
2024-08-11 11:40:43.914 [info] > git status -z -uall [814ms]
2024-08-11 11:40:43.931 [info] > git for-each-ref --format=%(refname)%00%(upstream:short)%00%(objectname)%00%(upstream:track)%00%(upstream:remotename)%00%(upstream:remoteref) refs/heads/main refs/remotes/main [11ms]
2024-08-11 11:40:43.939 [info] > git config --get commit.template [8ms]
2024-08-11 11:40:43.939 [info] > git config --local branch.main.vscode-merge-base [3ms]
2024-08-11 11:40:43.939 [warning] [Git][config] git config failed: Failed to execute git
2024-08-11 11:40:43.950 [info] > git for-each-ref --format=%(refname)%00%(upstream:short)%00%(objectname)%00%(upstream:track)%00%(upstream:remotename)%00%(upstream:remoteref) refs/heads/main refs/remotes/main [3ms]
2024-08-11 11:40:43.951 [info] > git reflog main --grep-reflog=branch: Created from *. [8ms]
2024-08-11 11:40:43.957 [warning] [Git][revParse] Unable to read file: ENOENT: no such file or directory, open '/home/ubuntu/fabric-samples/.git/refs/remotes/origin/main'
2024-08-11 11:40:43.959 [info] > git symbolic-ref --short refs/remotes/origin/HEAD [5ms]
2024-08-11 11:40:43.963 [info] > git rev-parse refs/remotes/origin/main [5ms]
2024-08-11 11:40:43.967 [info] > git for-each-ref --format=%(refname)%00%(upstream:short)%00%(objectname)%00%(upstream:track)%00%(upstream:remotename)%00%(upstream:remoteref) refs/heads/origin/main refs/remotes/origin/main [5ms]
2024-08-11 11:40:43.979 [info] > git config --local branch.main.vscode-merge-base origin/main [8ms]
2024-08-11 11:40:43.985 [info] > git status -z -uall [19ms] (cancelled)
2024-08-11 11:40:43.991 [info] > git config --get commit.template [6ms]
2024-08-11 11:40:43.993 [info] > git for-each-ref --format=%(refname)%00%(upstream:short)%00%(objectname)%00%(upstream:track)%00%(upstream:remotename)%00%(upstream:remoteref) refs/heads/main refs/remotes/main [3ms]
2024-08-11 11:40:43.999 [warning] [Git][revParse] Unable to read file: ENOENT: no such file or directory, open '/home/ubuntu/fabric-samples/.git/refs/remotes/origin/main'
2024-08-11 11:40:44.000 [info] > git rev-parse refs/remotes/origin/main [2ms]
2024-08-11 11:40:44.093 [info] > git status -z -uall [90ms]
2024-08-11 11:40:44.104 [info] > git for-each-ref --format=%(refname)%00%(upstream:short)%00%(objectname)%00%(upstream:track)%00%(upstream:remotename)%00%(upstream:remoteref) refs/heads/main refs/remotes/main [6ms]
2024-08-11 11:40:44.109 [info] > git merge-base refs/heads/main refs/remotes/origin/main [6ms]
2024-08-11 11:40:44.114 [info] > git config --local branch.main.vscode-merge-base [6ms]
2024-08-11 11:40:44.119 [info] > git rev-list --count --left-right refs/heads/main...refs/remotes/origin/main [6ms]
2024-08-11 11:40:44.126 [info] > git for-each-ref --format=%(refname)%00%(upstream:short)%00%(objectname)%00%(upstream:track)%00%(upstream:remotename)%00%(upstream:remoteref) refs/heads/origin/main refs/remotes/origin/main [8ms]
2024-08-11 11:40:44.127 [info] > git diff --name-status -z --diff-filter=ADMR 3c63eac4e303e8348c42637d7ed337727645b9ce...refs/remotes/origin/main [4ms]
2024-08-11 11:40:45.585 [info] > git for-each-ref --format=%(refname)%00%(upstream:short)%00%(objectname)%00%(upstream:track)%00%(upstream:remotename)%00%(upstream:remoteref) refs/heads/main refs/remotes/main [10ms]
2024-08-11 11:40:45.586 [info] > git config --get commit.template [15ms]
2024-08-11 11:40:45.590 [warning] [Git][revParse] Unable to read file: ENOENT: no such file or directory, open '/home/ubuntu/fabric-samples/.git/refs/remotes/origin/main'
2024-08-11 11:40:45.591 [info] > git rev-parse refs/remotes/origin/main [2ms]
2024-08-11 11:40:45.684 [info] > git status -z -uall [88ms]
2024-08-11 11:40:45.691 [info] > git for-each-ref --format=%(refname)%00%(upstream:short)%00%(objectname)%00%(upstream:track)%00%(upstream:remotename)%00%(upstream:remoteref) refs/heads/main refs/remotes/main [3ms]
2024-08-11 11:40:45.698 [info] > git config --local branch.main.vscode-merge-base [1ms]
2024-08-11 11:40:45.703 [info] > git for-each-ref --format=%(refname)%00%(upstream:short)%00%(objectname)%00%(upstream:track)%00%(upstream:remotename)%00%(upstream:remoteref) refs/heads/origin/main refs/remotes/origin/main [2ms]
2024-08-11 11:43:49.626 [info] > git merge-base refs/heads/main refs/remotes/origin/main [3ms]
2024-08-11 11:43:49.885 [info] > git log --format=%H%n%aN%n%aE%n%at%n%ct%n%P%n%D%n%B -z --shortstat --diff-merges=first-parent 3c63eac4e303e8348c42637d7ed337727645b9ce.. --topo-order --decorate=full refs/heads/main refs/remotes/origin/main [6ms]
2024-08-11 11:43:49.886 [info] > git show -s --decorate=full --shortstat --format=%H%n%aN%n%aE%n%at%n%ct%n%P%n%D%n%B -z 3c63eac4e303e8348c42637d7ed337727645b9ce [11ms]
2024-08-11 11:43:51.136 [info] > git rev-parse --show-toplevel [4ms]
2024-08-11 11:43:51.136 [info] fatal: not a git repository (or any of the parent directories): .git
2024-08-11 11:43:51.644 [info] > git merge-base refs/heads/main refs/remotes/origin/main [15ms]
2024-08-11 11:43:51.647 [info] > git rev-parse --show-toplevel [3ms]
2024-08-11 11:43:51.647 [info] fatal: not a git repository (or any of the parent directories): .git
2024-08-11 11:43:51.901 [info] > git show -s --decorate=full --shortstat --format=%H%n%aN%n%aE%n%at%n%ct%n%P%n%D%n%B -z 3c63eac4e303e8348c42637d7ed337727645b9ce [6ms]
2024-08-11 11:43:51.904 [info] > git log --format=%H%n%aN%n%aE%n%at%n%ct%n%P%n%D%n%B -z --shortstat --diff-merges=first-parent 3c63eac4e303e8348c42637d7ed337727645b9ce.. --topo-order --decorate=full refs/heads/main refs/remotes/origin/main [5ms]
2024-08-11 11:45:28.703 [info] > git rev-parse --show-toplevel [7ms]
2024-08-11 11:45:28.703 [info] fatal: not a git repository (or any of the parent directories): .git
2024-08-11 12:09:13.323 [info] > git merge-base refs/heads/main refs/remotes/origin/main [3ms]
2024-08-11 12:09:13.595 [info] > git show -s --decorate=full --shortstat --format=%H%n%aN%n%aE%n%at%n%ct%n%P%n%D%n%B -z 3c63eac4e303e8348c42637d7ed337727645b9ce [11ms]
2024-08-11 12:09:13.597 [info] > git log --format=%H%n%aN%n%aE%n%at%n%ct%n%P%n%D%n%B -z --shortstat --diff-merges=first-parent 3c63eac4e303e8348c42637d7ed337727645b9ce.. --topo-order --decorate=full refs/heads/main refs/remotes/origin/main [4ms]
2024-08-11 12:18:33.332 [info] > git -c user.useConfigOnly=true commit --quiet --allow-empty [31ms]
2024-08-11 12:18:33.332 [info] Author identity unknown

*** Please tell me who you are.

Run

  git config --global user.email "you@example.com"
  git config --global user.name "Your Name"

to set your account's default identity.
Omit --global to set the identity only in this repository.

fatal: no email was given and auto-detection is disabled
2024-08-11 12:18:33.342 [info] > git config --get-all user.name [2ms]
2024-08-11 12:18:33.363 [info] > git config --get commit.template [10ms]
2024-08-11 12:18:33.365 [info] > git for-each-ref --format %(refname) %(objectname) %(*objectname) refs/tags [3ms]
2024-08-11 12:18:33.394 [info] > git status -z -uall [18ms]
2024-08-11 12:19:55.898 [info] > git rev-parse --show-toplevel [1ms]
2024-08-11 12:19:55.898 [info] fatal: not a git repository (or any of the parent directories): .git
2024-08-11 12:20:32.976 [info] > git rev-parse --show-toplevel [2ms]
2024-08-11 12:20:32.976 [info] fatal: not a git repository (or any of the parent directories): .git
2024-08-11 12:20:46.417 [info] > git -c user.useConfigOnly=true commit --quiet --allow-empty-message --file - --allow-empty [60ms]
2024-08-11 12:20:46.428 [info] > git config --get commit.template [2ms]
2024-08-11 12:20:46.450 [info] > git config --get commit.template [11ms]
2024-08-11 12:20:46.452 [info] > git for-each-ref --format %(refname) %(objectname) %(*objectname) refs/tags [2ms]
2024-08-11 12:20:46.482 [info] > git status -z -uall [21ms]
2024-08-11 12:20:46.774 [info] > git config --get commit.template [10ms]
2024-08-11 12:20:46.776 [info] > git for-each-ref --format %(refname) %(objectname) %(*objectname) refs/tags [3ms]
2024-08-11 12:20:46.806 [info] > git status -z -uall [20ms]
2024-08-11 12:20:58.350 [info] > git show --textconv :.git/COMMIT_EDITMSG [13ms]
2024-08-11 12:20:58.352 [info] > git ls-files --stage -- /home/ubuntu/fabric-samples/.git/COMMIT_EDITMSG [3ms]
2024-08-11 12:20:58.485 [info] > git check-ignore -v -z --stdin [3ms]
2024-08-11 12:20:58.788 [info] > git ls-files --stage -- /home/ubuntu/fabric-samples/.git/COMMIT_EDITMSG [2ms]
2024-08-11 12:20:59.002 [info] > git show --textconv :.git/COMMIT_EDITMSG [2ms]
2024-08-11 12:21:05.645 [info] > git merge-base refs/heads/main refs/remotes/origin/main [4ms]
2024-08-11 12:21:06.151 [info] > git show -s --decorate=full --shortstat --format=%H%n%aN%n%aE%n%at%n%ct%n%P%n%D%n%B -z 3c63eac4e303e8348c42637d7ed337727645b9ce [11ms]
2024-08-11 12:21:06.154 [info] > git log --format=%H%n%aN%n%aE%n%at%n%ct%n%P%n%D%n%B -z --shortstat --diff-merges=first-parent 3c63eac4e303e8348c42637d7ed337727645b9ce.. --topo-order --decorate=full refs/heads/main refs/remotes/origin/main [4ms]
2024-08-11 12:24:54.391 [info] > git rev-parse --show-toplevel [2ms]
2024-08-11 12:24:54.402 [info] > git rev-parse --git-dir --git-common-dir [2ms]
2024-08-11 12:24:54.414 [info] [Model][openRepository] Opened repository: /home/ubuntu
2024-08-11 12:24:54.440 [info] [Git][getRemotes] No remotes found in the git config file
2024-08-11 12:24:54.441 [info] > git config --get commit.template [11ms]
2024-08-11 12:24:54.442 [info] > git for-each-ref --format=%(refname)%00%(upstream:short)%00%(objectname)%00%(upstream:track)%00%(upstream:remotename)%00%(upstream:remoteref) refs/heads/master refs/remotes/master [2ms]
2024-08-11 12:24:54.443 [warning] [Git][getBranch] No such branch: master
2024-08-11 12:24:54.895 [info] > git status -z -uall [443ms]
2024-08-11 12:24:56.593 [info] > git check-ignore -v -z --stdin [1216ms]
2024-08-11 12:24:56.594 [info] > git for-each-ref --format=%(refname)%00%(upstream:short)%00%(objectname)%00%(upstream:track)%00%(upstream:remotename)%00%(upstream:remoteref) refs/heads/master refs/remotes/master [1471ms]
2024-08-11 12:24:56.594 [warning] [Git][getBranch] No such branch: master
2024-08-11 12:24:56.631 [info] > git config --get commit.template [87ms]
2024-08-11 12:24:56.650 [info] [Git][getRemotes] No remotes found in the git config file
2024-08-11 12:24:56.655 [info] > git for-each-ref --format=%(refname)%00%(upstream:short)%00%(objectname)%00%(upstream:track)%00%(upstream:remotename)%00%(upstream:remoteref) refs/heads/master refs/remotes/master [11ms]
2024-08-11 12:24:56.656 [warning] [Git][getBranch] No such branch: master
2024-08-11 12:24:57.049 [info] > git status -z -uall [379ms]
2024-08-11 12:24:58.284 [info] > git for-each-ref --format=%(refname)%00%(upstream:short)%00%(objectname)%00%(upstream:track)%00%(upstream:remotename)%00%(upstream:remoteref) refs/heads/master refs/remotes/master [1206ms]
2024-08-11 12:24:58.284 [warning] [Git][getBranch] No such branch: master
2024-08-11 12:25:00.158 [info] > git config --get commit.template [4ms]
2024-08-11 12:25:00.167 [info] [Git][getRemotes] No remotes found in the git config file
2024-08-11 12:25:00.169 [info] > git for-each-ref --format=%(refname)%00%(upstream:short)%00%(objectname)%00%(upstream:track)%00%(upstream:remotename)%00%(upstream:remoteref) refs/heads/master refs/remotes/master [2ms]
2024-08-11 12:25:00.170 [warning] [Git][getBranch] No such branch: master
2024-08-11 12:25:00.352 [info] > git status -z -uall [174ms]
2024-08-11 12:25:01.438 [info] > git for-each-ref --format=%(refname)%00%(upstream:short)%00%(objectname)%00%(upstream:track)%00%(upstream:remotename)%00%(upstream:remoteref) refs/heads/master refs/remotes/master [1055ms]
2024-08-11 12:25:01.438 [warning] [Git][getBranch] No such branch: master
2024-08-11 12:25:01.943 [info] > git check-ignore -v -z --stdin [2ms]
2024-08-11 12:25:05.512 [info] [Git][getRemotes] No remotes found in the git config file
2024-08-11 12:25:05.513 [info] > git config --get commit.template [11ms]
2024-08-11 12:25:05.514 [info] > git for-each-ref --format=%(refname)%00%(upstream:short)%00%(objectname)%00%(upstream:track)%00%(upstream:remotename)%00%(upstream:remoteref) refs/heads/master refs/remotes/master [3ms]
2024-08-11 12:25:05.514 [warning] [Git][getBranch] No such branch: master
2024-08-11 12:25:05.659 [info] > git status -z -uall [136ms]
2024-08-11 12:25:06.738 [info] > git for-each-ref --format=%(refname)%00%(upstream:short)%00%(objectname)%00%(upstream:track)%00%(upstream:remotename)%00%(upstream:remoteref) refs/heads/master refs/remotes/master [1039ms]
2024-08-11 12:25:06.738 [warning] [Git][getBranch] No such branch: master
2024-08-11 12:25:10.810 [info] [Git][getRemotes] No remotes found in the git config file
2024-08-11 12:25:10.820 [info] > git config --get commit.template [11ms]
2024-08-11 12:25:10.822 [info] > git for-each-ref --format=%(refname)%00%(upstream:short)%00%(objectname)%00%(upstream:track)%00%(upstream:remotename)%00%(upstream:remoteref) refs/heads/master refs/remotes/master [2ms]
2024-08-11 12:25:10.822 [warning] [Git][getBranch] No such branch: master
2024-08-11 12:25:10.970 [info] > git status -z -uall [139ms]
2024-08-11 12:25:12.019 [info] > git for-each-ref --format=%(refname)%00%(upstream:short)%00%(objectname)%00%(upstream:track)%00%(upstream:remotename)%00%(upstream:remoteref) refs/heads/master refs/remotes/master [1007ms]
2024-08-11 12:25:12.020 [warning] [Git][getBranch] No such branch: master
2024-08-11 12:25:16.122 [info] [Git][getRemotes] No remotes found in the git config file
2024-08-11 12:25:16.133 [info] > git config --get commit.template [11ms]
2024-08-11 12:25:16.134 [info] > git for-each-ref --format=%(refname)%00%(upstream:short)%00%(objectname)%00%(upstream:track)%00%(upstream:remotename)%00%(upstream:remoteref) refs/heads/master refs/remotes/master [2ms]
2024-08-11 12:25:16.134 [warning] [Git][getBranch] No such branch: master
2024-08-11 12:25:16.272 [info] > git status -z -uall [130ms]
2024-08-11 12:25:17.324 [info] > git for-each-ref --format=%(refname)%00%(upstream:short)%00%(objectname)%00%(upstream:track)%00%(upstream:remotename)%00%(upstream:remoteref) refs/heads/master refs/remotes/master [1015ms]
2024-08-11 12:25:17.324 [warning] [Git][getBranch] No such branch: master
2024-08-11 12:25:17.854 [info] > git check-ignore -v -z --stdin [2ms]
2024-08-11 12:25:21.425 [info] [Git][getRemotes] No remotes found in the git config file
2024-08-11 12:25:21.426 [info] > git config --get commit.template [11ms]
2024-08-11 12:25:21.427 [info] > git for-each-ref --format=%(refname)%00%(upstream:short)%00%(objectname)%00%(upstream:track)%00%(upstream:remotename)%00%(upstream:remoteref) refs/heads/master refs/remotes/master [2ms]
2024-08-11 12:25:21.427 [warning] [Git][getBranch] No such branch: master
2024-08-11 12:25:21.561 [info] > git status -z -uall [125ms]
2024-08-11 12:25:22.597 [info] > git for-each-ref --format=%(refname)%00%(upstream:short)%00%(objectname)%00%(upstream:track)%00%(upstream:remotename)%00%(upstream:remoteref) refs/heads/master refs/remotes/master [1001ms]
2024-08-11 12:25:22.597 [warning] [Git][getBranch] No such branch: master
2024-08-11 12:25:26.702 [info] [Git][getRemotes] No remotes found in the git config file
2024-08-11 12:25:26.711 [info] > git config --get commit.template [10ms]
2024-08-11 12:25:26.713 [info] > git for-each-ref --format=%(refname)%00%(upstream:short)%00%(objectname)%00%(upstream:track)%00%(upstream:remotename)%00%(upstream:remoteref) refs/heads/master refs/remotes/master [2ms]
2024-08-11 12:25:26.713 [warning] [Git][getBranch] No such branch: master
2024-08-11 12:25:26.851 [info] > git status -z -uall [129ms]
2024-08-11 12:25:27.939 [info] > git for-each-ref --format=%(refname)%00%(upstream:short)%00%(objectname)%00%(upstream:track)%00%(upstream:remotename)%00%(upstream:remoteref) refs/heads/master refs/remotes/master [1055ms]
2024-08-11 12:25:27.939 [warning] [Git][getBranch] No such branch: master
2024-08-11 12:25:29.631 [info] > git check-ignore -v -z --stdin [11ms]
2024-08-11 12:25:29.632 [info] > git check-ignore -v -z --stdin [3ms]
2024-08-11 12:25:31.054 [info] > git check-ignore -v -z --stdin [3ms]
2024-08-11 12:25:32.038 [info] [Git][getRemotes] No remotes found in the git config file
2024-08-11 12:25:32.048 [info] > git config --get commit.template [11ms]
2024-08-11 12:25:32.050 [info] > git for-each-ref --format=%(refname)%00%(upstream:short)%00%(objectname)%00%(upstream:track)%00%(upstream:remotename)%00%(upstream:remoteref) refs/heads/master refs/remotes/master [3ms]
2024-08-11 12:25:32.050 [warning] [Git][getBranch] No such branch: master
2024-08-11 12:25:32.189 [info] > git status -z -uall [131ms]
2024-08-11 12:25:33.237 [info] > git for-each-ref --format=%(refname)%00%(upstream:short)%00%(objectname)%00%(upstream:track)%00%(upstream:remotename)%00%(upstream:remoteref) refs/heads/master refs/remotes/master [1015ms]
2024-08-11 12:25:33.237 [warning] [Git][getBranch] No such branch: master
2024-08-11 12:25:37.340 [info] [Git][getRemotes] No remotes found in the git config file
2024-08-11 12:25:37.342 [info] > git config --get commit.template [10ms]
2024-08-11 12:25:37.342 [info] > git for-each-ref --format=%(refname)%00%(upstream:short)%00%(objectname)%00%(upstream:track)%00%(upstream:remotename)%00%(upstream:remoteref) refs/heads/master refs/remotes/master [2ms]
2024-08-11 12:25:37.342 [warning] [Git][getBranch] No such branch: master
2024-08-11 12:25:37.485 [info] > git status -z -uall [134ms]
2024-08-11 12:25:38.550 [info] > git for-each-ref --format=%(refname)%00%(upstream:short)%00%(objectname)%00%(upstream:track)%00%(upstream:remotename)%00%(upstream:remoteref) refs/heads/master refs/remotes/master [1037ms]
2024-08-11 12:25:38.551 [warning] [Git][getBranch] No such branch: master
2024-08-11 12:25:42.633 [info] [Git][getRemotes] No remotes found in the git config file
2024-08-11 12:25:42.643 [info] > git config --get commit.template [10ms]
2024-08-11 12:25:42.644 [info] > git for-each-ref --format=%(refname)%00%(upstream:short)%00%(objectname)%00%(upstream:track)%00%(upstream:remotename)%00%(upstream:remoteref) refs/heads/master refs/remotes/master [2ms]
2024-08-11 12:25:42.644 [warning] [Git][getBranch] No such branch: master
2024-08-11 12:25:42.782 [info] > git status -z -uall [130ms]
2024-08-11 12:25:43.874 [info] > git for-each-ref --format=%(refname)%00%(upstream:short)%00%(objectname)%00%(upstream:track)%00%(upstream:remotename)%00%(upstream:remoteref) refs/heads/master refs/remotes/master [1064ms]
2024-08-11 12:25:43.874 [warning] [Git][getBranch] No such branch: master
2024-08-11 12:25:47.929 [info] > git config --get commit.template [4ms]
2024-08-11 12:25:47.937 [info] [Git][getRemotes] No remotes found in the git config file
2024-08-11 12:25:47.939 [info] > git for-each-ref --format=%(refname)%00%(upstream:short)%00%(objectname)%00%(upstream:track)%00%(upstream:remotename)%00%(upstream:remoteref) refs/heads/master refs/remotes/master [2ms]
2024-08-11 12:25:47.939 [warning] [Git][getBranch] No such branch: master
2024-08-11 12:25:48.073 [info] > git status -z -uall [125ms]
2024-08-11 12:25:49.151 [info] > git for-each-ref --format=%(refname)%00%(upstream:short)%00%(objectname)%00%(upstream:track)%00%(upstream:remotename)%00%(upstream:remoteref) refs/heads/master refs/remotes/master [1051ms]
2024-08-11 12:25:49.151 [warning] [Git][getBranch] No such branch: master
2024-08-11 12:25:49.153 [info] > git merge-base refs/heads/main refs/remotes/origin/main [4ms]
2024-08-11 12:25:49.416 [info] > git show -s --decorate=full --shortstat --format=%H%n%aN%n%aE%n%at%n%ct%n%P%n%D%n%B -z 3c63eac4e303e8348c42637d7ed337727645b9ce [16ms]
2024-08-11 12:25:49.422 [info] > git log --format=%H%n%aN%n%aE%n%at%n%ct%n%P%n%D%n%B -z --shortstat --diff-merges=first-parent 3c63eac4e303e8348c42637d7ed337727645b9ce.. --topo-order --decorate=full refs/heads/main refs/remotes/origin/main [7ms]
2024-08-11 12:25:53.226 [info] [Git][getRemotes] No remotes found in the git config file
2024-08-11 12:25:53.227 [info] > git config --get commit.template [10ms]
2024-08-11 12:25:53.229 [info] > git for-each-ref --format=%(refname)%00%(upstream:short)%00%(objectname)%00%(upstream:track)%00%(upstream:remotename)%00%(upstream:remoteref) refs/heads/master refs/remotes/master [2ms]
2024-08-11 12:25:53.229 [warning] [Git][getBranch] No such branch: master
2024-08-11 12:25:53.369 [info] > git status -z -uall [132ms]
2024-08-11 12:25:54.445 [info] > git for-each-ref --format=%(refname)%00%(upstream:short)%00%(objectname)%00%(upstream:track)%00%(upstream:remotename)%00%(upstream:remoteref) refs/heads/master refs/remotes/master [1048ms]
2024-08-11 12:25:54.445 [warning] [Git][getBranch] No such branch: master
2024-08-11 12:25:58.521 [info] [Git][getRemotes] No remotes found in the git config file
2024-08-11 12:25:58.531 [info] > git config --get commit.template [11ms]
2024-08-11 12:25:58.532 [info] > git for-each-ref --format=%(refname)%00%(upstream:short)%00%(objectname)%00%(upstream:track)%00%(upstream:remotename)%00%(upstream:remoteref) refs/heads/master refs/remotes/master [2ms]
2024-08-11 12:25:58.532 [warning] [Git][getBranch] No such branch: master
2024-08-11 12:25:58.686 [info] > git status -z -uall [144ms]
2024-08-11 12:25:59.750 [info] > git for-each-ref --format=%(refname)%00%(upstream:short)%00%(objectname)%00%(upstream:track)%00%(upstream:remotename)%00%(upstream:remoteref) refs/heads/master refs/remotes/master [1037ms]
2024-08-11 12:25:59.750 [warning] [Git][getBranch] No such branch: master
2024-08-11 12:26:03.832 [info] > git config --get commit.template [1ms]
2024-08-11 12:26:03.844 [info] [Git][getRemotes] No remotes found in the git config file
2024-08-11 12:26:03.846 [info] > git for-each-ref --format=%(refname)%00%(upstream:short)%00%(objectname)%00%(upstream:track)%00%(upstream:remotename)%00%(upstream:remoteref) refs/heads/master refs/remotes/master [3ms]
2024-08-11 12:26:03.846 [warning] [Git][getBranch] No such branch: master
2024-08-11 12:26:03.985 [info] > git status -z -uall [130ms]
2024-08-11 12:26:05.051 [info] > git for-each-ref --format=%(refname)%00%(upstream:short)%00%(objectname)%00%(upstream:track)%00%(upstream:remotename)%00%(upstream:remoteref) refs/heads/master refs/remotes/master [1038ms]
2024-08-11 12:26:05.052 [warning] [Git][getBranch] No such branch: master
2024-08-11 12:26:09.144 [info] [Git][getRemotes] No remotes found in the git config file
2024-08-11 12:26:09.145 [info] > git config --get commit.template [14ms]
2024-08-11 12:26:09.146 [info] > git for-each-ref --format=%(refname)%00%(upstream:short)%00%(objectname)%00%(upstream:track)%00%(upstream:remotename)%00%(upstream:remoteref) refs/heads/master refs/remotes/master [2ms]
2024-08-11 12:26:09.146 [warning] [Git][getBranch] No such branch: master
2024-08-11 12:26:09.287 [info] > git status -z -uall [133ms]
2024-08-11 12:26:10.353 [info] > git for-each-ref --format=%(refname)%00%(upstream:short)%00%(objectname)%00%(upstream:track)%00%(upstream:remotename)%00%(upstream:remoteref) refs/heads/master refs/remotes/master [1035ms]
2024-08-11 12:26:10.354 [warning] [Git][getBranch] No such branch: master
2024-08-11 12:26:14.446 [info] [Git][getRemotes] No remotes found in the git config file
2024-08-11 12:26:14.456 [info] > git config --get commit.template [11ms]
2024-08-11 12:26:14.458 [info] > git for-each-ref --format=%(refname)%00%(upstream:short)%00%(objectname)%00%(upstream:track)%00%(upstream:remotename)%00%(upstream:remoteref) refs/heads/master refs/remotes/master [3ms]
2024-08-11 12:26:14.458 [warning] [Git][getBranch] No such branch: master
2024-08-11 12:26:14.598 [info] > git status -z -uall [131ms]
2024-08-11 12:26:15.654 [info] > git for-each-ref --format=%(refname)%00%(upstream:short)%00%(objectname)%00%(upstream:track)%00%(upstream:remotename)%00%(upstream:remoteref) refs/heads/master refs/remotes/master [1030ms]
2024-08-11 12:26:15.654 [warning] [Git][getBranch] No such branch: master
2024-08-11 12:26:19.758 [info] [Git][getRemotes] No remotes found in the git config file
2024-08-11 12:26:19.758 [info] > git config --get commit.template [15ms]
2024-08-11 12:26:19.762 [info] > git for-each-ref --format=%(refname)%00%(upstream:short)%00%(objectname)%00%(upstream:track)%00%(upstream:remotename)%00%(upstream:remoteref) refs/heads/master refs/remotes/master [5ms]
2024-08-11 12:26:19.762 [warning] [Git][getBranch] No such branch: master
2024-08-11 12:26:19.951 [info] > git status -z -uall [176ms]
2024-08-11 12:26:21.635 [info] > git for-each-ref --format=%(refname)%00%(upstream:short)%00%(objectname)%00%(upstream:track)%00%(upstream:remotename)%00%(upstream:remoteref) refs/heads/master refs/remotes/master [1640ms]
2024-08-11 12:26:21.636 [warning] [Git][getBranch] No such branch: master
2024-08-11 12:26:25.165 [info] [Git][getRemotes] No remotes found in the git config file
2024-08-11 12:26:25.166 [info] > git config --get commit.template [14ms]
2024-08-11 12:26:25.170 [info] > git for-each-ref --format=%(refname)%00%(upstream:short)%00%(objectname)%00%(upstream:track)%00%(upstream:remotename)%00%(upstream:remoteref) refs/heads/master refs/remotes/master [5ms]
2024-08-11 12:26:25.170 [warning] [Git][getBranch] No such branch: master
2024-08-11 12:26:25.384 [info] > git status -z -uall [201ms]
2024-08-11 12:26:27.364 [info] > git for-each-ref --format=%(refname)%00%(upstream:short)%00%(objectname)%00%(upstream:track)%00%(upstream:remotename)%00%(upstream:remoteref) refs/heads/master refs/remotes/master [1935ms]
2024-08-11 12:26:27.364 [warning] [Git][getBranch] No such branch: master
2024-08-11 12:26:30.621 [info] > git config --get commit.template [6ms]
2024-08-11 12:26:30.633 [info] [Git][getRemotes] No remotes found in the git config file
2024-08-11 12:26:30.635 [info] > git for-each-ref --format=%(refname)%00%(upstream:short)%00%(objectname)%00%(upstream:track)%00%(upstream:remotename)%00%(upstream:remoteref) refs/heads/master refs/remotes/master [2ms]
2024-08-11 12:26:30.636 [warning] [Git][getBranch] No such branch: master
2024-08-11 12:26:30.830 [info] > git status -z -uall [182ms]
2024-08-11 12:26:32.540 [info] > git for-each-ref --format=%(refname)%00%(upstream:short)%00%(objectname)%00%(upstream:track)%00%(upstream:remotename)%00%(upstream:remoteref) refs/heads/master refs/remotes/master [1669ms]
2024-08-11 12:26:32.541 [warning] [Git][getBranch] No such branch: master
2024-08-11 12:26:36.045 [info] [Git][getRemotes] No remotes found in the git config file
2024-08-11 12:26:36.046 [info] > git config --get commit.template [13ms]
2024-08-11 12:26:36.047 [info] > git for-each-ref --format=%(refname)%00%(upstream:short)%00%(objectname)%00%(upstream:track)%00%(upstream:remotename)%00%(upstream:remoteref) refs/heads/master refs/remotes/master [3ms]
2024-08-11 12:26:36.047 [warning] [Git][getBranch] No such branch: master
2024-08-11 12:26:36.235 [info] > git status -z -uall [176ms]
2024-08-11 12:26:38.118 [info] > git for-each-ref --format=%(refname)%00%(upstream:short)%00%(objectname)%00%(upstream:track)%00%(upstream:remotename)%00%(upstream:remoteref) refs/heads/master refs/remotes/master [1839ms]
2024-08-11 12:26:38.118 [warning] [Git][getBranch] No such branch: master
2024-08-11 12:26:41.494 [info] [Git][getRemotes] No remotes found in the git config file
2024-08-11 12:26:41.495 [info] > git config --get commit.template [23ms]
2024-08-11 12:26:41.498 [info] > git for-each-ref --format=%(refname)%00%(upstream:short)%00%(objectname)%00%(upstream:track)%00%(upstream:remotename)%00%(upstream:remoteref) refs/heads/master refs/remotes/master [5ms]
2024-08-11 12:26:41.499 [warning] [Git][getBranch] No such branch: master
2024-08-11 12:26:41.713 [info] > git status -z -uall [202ms]
2024-08-11 12:26:43.594 [info] > git for-each-ref --format=%(refname)%00%(upstream:short)%00%(objectname)%00%(upstream:track)%00%(upstream:remotename)%00%(upstream:remoteref) refs/heads/master refs/remotes/master [1837ms]
2024-08-11 12:26:43.595 [warning] [Git][getBranch] No such branch: master
2024-08-11 12:26:46.976 [info] [Git][getRemotes] No remotes found in the git config file
2024-08-11 12:26:46.977 [info] > git config --get commit.template [27ms]
2024-08-11 12:26:46.980 [info] > git for-each-ref --format=%(refname)%00%(upstream:short)%00%(objectname)%00%(upstream:track)%00%(upstream:remotename)%00%(upstream:remoteref) refs/heads/master refs/remotes/master [5ms]
2024-08-11 12:26:46.980 [warning] [Git][getBranch] No such branch: master
2024-08-11 12:26:47.199 [info] > git status -z -uall [203ms]
2024-08-11 12:26:48.748 [info] > git for-each-ref --format=%(refname)%00%(upstream:short)%00%(objectname)%00%(upstream:track)%00%(upstream:remotename)%00%(upstream:remoteref) refs/heads/master refs/remotes/master [1493ms]
2024-08-11 12:26:48.748 [warning] [Git][getBranch] No such branch: master
2024-08-11 12:26:48.833 [info] [Git][getRemotes] No remotes found in the git config file
2024-08-11 12:26:48.834 [info] > git config --get commit.template [12ms]
2024-08-11 12:26:48.835 [info] > git for-each-ref --format=%(refname)%00%(upstream:short)%00%(objectname)%00%(upstream:track)%00%(upstream:remotename)%00%(upstream:remoteref) refs/heads/master refs/remotes/master [2ms]
2024-08-11 12:26:48.835 [warning] [Git][getBranch] No such branch: master
2024-08-11 12:26:49.087 [info] > git status -z -uall [243ms]
2024-08-11 12:26:50.611 [info] > git for-each-ref --format=%(refname)%00%(upstream:short)%00%(objectname)%00%(upstream:track)%00%(upstream:remotename)%00%(upstream:remoteref) refs/heads/master refs/remotes/master [1482ms]
2024-08-11 12:26:50.611 [warning] [Git][getBranch] No such branch: master
2024-08-11 12:26:52.240 [info] > git ls-files --stage -- /home/ubuntu/fabric-samples/.git/COMMIT_EDITMSG [3ms]
2024-08-11 12:26:52.415 [info] [Git][getRemotes] No remotes found in the git config file
2024-08-11 12:26:52.426 [info] > git config --get commit.template [12ms]
2024-08-11 12:26:52.427 [info] > git for-each-ref --format=%(refname)%00%(upstream:short)%00%(objectname)%00%(upstream:track)%00%(upstream:remotename)%00%(upstream:remoteref) refs/heads/master refs/remotes/master [3ms]
2024-08-11 12:26:52.427 [warning] [Git][getBranch] No such branch: master
2024-08-11 12:26:52.503 [info] > git show --textconv :.git/COMMIT_EDITMSG [4ms]
2024-08-11 12:26:52.704 [info] > git status -z -uall [269ms]
2024-08-11 12:26:54.307 [info] > git for-each-ref --format=%(refname)%00%(upstream:short)%00%(objectname)%00%(upstream:track)%00%(upstream:remotename)%00%(upstream:remoteref) refs/heads/master refs/remotes/master [1561ms]
2024-08-11 12:26:54.308 [warning] [Git][getBranch] No such branch: master
2024-08-11 12:26:57.869 [info] > git config --get commit.template [3ms]
2024-08-11 12:26:57.889 [info] [Git][getRemotes] No remotes found in the git config file
2024-08-11 12:26:57.895 [info] > git for-each-ref --format=%(refname)%00%(upstream:short)%00%(objectname)%00%(upstream:track)%00%(upstream:remotename)%00%(upstream:remoteref) refs/heads/master refs/remotes/master [5ms]
2024-08-11 12:26:57.896 [warning] [Git][getBranch] No such branch: master
2024-08-11 12:26:58.478 [info] > git status -z -uall [564ms]
2024-08-11 12:27:01.499 [info] > git for-each-ref --format=%(refname)%00%(upstream:short)%00%(objectname)%00%(upstream:track)%00%(upstream:remotename)%00%(upstream:remoteref) refs/heads/master refs/remotes/master [2930ms]
2024-08-11 12:27:01.499 [warning] [Git][getBranch] No such branch: master
2024-08-11 12:27:03.813 [info] [Git][getRemotes] No remotes found in the git config file
2024-08-11 12:27:03.835 [info] > git config --get commit.template [25ms]
2024-08-11 12:27:03.841 [info] > git for-each-ref --format=%(refname)%00%(upstream:short)%00%(objectname)%00%(upstream:track)%00%(upstream:remotename)%00%(upstream:remoteref) refs/heads/master refs/remotes/master [7ms]
2024-08-11 12:27:03.841 [warning] [Git][getBranch] No such branch: master
2024-08-11 12:27:04.410 [info] > git status -z -uall [547ms]
2024-08-11 12:27:07.396 [info] > git for-each-ref --format=%(refname)%00%(upstream:short)%00%(objectname)%00%(upstream:track)%00%(upstream:remotename)%00%(upstream:remoteref) refs/heads/master refs/remotes/master [2902ms]
2024-08-11 12:27:07.398 [warning] [Git][getBranch] No such branch: master
2024-08-11 12:27:09.752 [info] [Git][getRemotes] No remotes found in the git config file
2024-08-11 12:27:09.753 [info] > git config --get commit.template [11ms]
2024-08-11 12:27:09.754 [info] > git for-each-ref --format=%(refname)%00%(upstream:short)%00%(objectname)%00%(upstream:track)%00%(upstream:remotename)%00%(upstream:remoteref) refs/heads/master refs/remotes/master [2ms]
2024-08-11 12:27:09.754 [warning] [Git][getBranch] No such branch: master
2024-08-11 12:27:10.040 [info] > git status -z -uall [277ms]
2024-08-11 12:27:11.271 [info] > git for-each-ref --format=%(refname)%00%(upstream:short)%00%(objectname)%00%(upstream:track)%00%(upstream:remotename)%00%(upstream:remoteref) refs/heads/master refs/remotes/master [1204ms]
2024-08-11 12:27:11.271 [warning] [Git][getBranch] No such branch: master
2024-08-11 12:27:15.589 [info] [Git][getRemotes] No remotes found in the git config file
2024-08-11 12:27:15.590 [info] > git config --get commit.template [11ms]
2024-08-11 12:27:15.591 [info] > git for-each-ref --format=%(refname)%00%(upstream:short)%00%(objectname)%00%(upstream:track)%00%(upstream:remotename)%00%(upstream:remoteref) refs/heads/master refs/remotes/master [2ms]
2024-08-11 12:27:15.591 [warning] [Git][getBranch] No such branch: master
2024-08-11 12:27:15.852 [info] > git status -z -uall [252ms]
2024-08-11 12:27:17.100 [info] > git for-each-ref --format=%(refname)%00%(upstream:short)%00%(objectname)%00%(upstream:track)%00%(upstream:remotename)%00%(upstream:remoteref) refs/heads/master refs/remotes/master [1220ms]
2024-08-11 12:27:17.100 [warning] [Git][getBranch] No such branch: master
2024-08-11 12:27:20.996 [info] [Git][getRemotes] No remotes found in the git config file
2024-08-11 12:27:20.998 [info] > git config --get commit.template [12ms]
2024-08-11 12:27:20.998 [info] > git for-each-ref --format=%(refname)%00%(upstream:short)%00%(objectname)%00%(upstream:track)%00%(upstream:remotename)%00%(upstream:remoteref) refs/heads/master refs/remotes/master [2ms]
2024-08-11 12:27:20.998 [warning] [Git][getBranch] No such branch: master
2024-08-11 12:27:21.243 [info] > git status -z -uall [237ms]
2024-08-11 12:27:22.487 [info] > git for-each-ref --format=%(refname)%00%(upstream:short)%00%(objectname)%00%(upstream:track)%00%(upstream:remotename)%00%(upstream:remoteref) refs/heads/master refs/remotes/master [1208ms]
2024-08-11 12:27:22.487 [warning] [Git][getBranch] No such branch: master
2024-08-11 12:27:26.394 [info] [Git][getRemotes] No remotes found in the git config file
2024-08-11 12:27:26.395 [info] > git config --get commit.template [10ms]
2024-08-11 12:27:26.396 [info] > git for-each-ref --format=%(refname)%00%(upstream:short)%00%(objectname)%00%(upstream:track)%00%(upstream:remotename)%00%(upstream:remoteref) refs/heads/master refs/remotes/master [2ms]
2024-08-11 12:27:26.396 [warning] [Git][getBranch] No such branch: master
2024-08-11 12:27:26.646 [info] > git status -z -uall [241ms]
2024-08-11 12:27:27.977 [info] > git for-each-ref --format=%(refname)%00%(upstream:short)%00%(objectname)%00%(upstream:track)%00%(upstream:remotename)%00%(upstream:remoteref) refs/heads/master refs/remotes/master [1303ms]
2024-08-11 12:27:27.977 [warning] [Git][getBranch] No such branch: master
2024-08-11 12:27:31.793 [info] [Git][getRemotes] No remotes found in the git config file
2024-08-11 12:27:31.795 [info] > git config --get commit.template [11ms]
2024-08-11 12:27:31.795 [info] > git for-each-ref --format=%(refname)%00%(upstream:short)%00%(objectname)%00%(upstream:track)%00%(upstream:remotename)%00%(upstream:remoteref) refs/heads/master refs/remotes/master [2ms]
2024-08-11 12:27:31.795 [warning] [Git][getBranch] No such branch: master
2024-08-11 12:27:32.052 [info] > git status -z -uall [249ms]
2024-08-11 12:27:32.178 [info] > git for-each-ref --format=%(refname)%00%(upstream:short)%00%(objectname)%00%(upstream:track)%00%(upstream:remotename)%00%(upstream:remoteref) refs/heads/master refs/remotes/master [99ms]
2024-08-11 12:27:32.179 [warning] [Git][getBranch] No such branch: master
2024-08-11 12:27:37.181 [info] [Git][getRemotes] No remotes found in the git config file
2024-08-11 12:27:37.190 [info] > git config --get commit.template [10ms]
2024-08-11 12:27:37.191 [info] > git for-each-ref --format=%(refname)%00%(upstream:short)%00%(objectname)%00%(upstream:track)%00%(upstream:remotename)%00%(upstream:remoteref) refs/heads/master refs/remotes/master [2ms]
2024-08-11 12:27:37.191 [warning] [Git][getBranch] No such branch: master
2024-08-11 12:27:37.446 [info] > git status -z -uall [245ms]
2024-08-11 12:27:38.690 [info] > git for-each-ref --format=%(refname)%00%(upstream:short)%00%(objectname)%00%(upstream:track)%00%(upstream:remotename)%00%(upstream:remoteref) refs/heads/master refs/remotes/master [1212ms]
2024-08-11 12:27:38.690 [warning] [Git][getBranch] No such branch: master
